mode: set
github.com/StreetsDigital/thenexusengine/pbs/internal/endpoints/auction.go:33.63,35.2 1 1
github.com/StreetsDigital/thenexusengine/pbs/internal/endpoints/auction.go:38.76,39.33 1 1
github.com/StreetsDigital/thenexusengine/pbs/internal/endpoints/auction.go:39.33,42.3 2 1
github.com/StreetsDigital/thenexusengine/pbs/internal/endpoints/auction.go:45.2,47.16 3 1
github.com/StreetsDigital/thenexusengine/pbs/internal/endpoints/auction.go:47.16,50.3 2 1
github.com/StreetsDigital/thenexusengine/pbs/internal/endpoints/auction.go:53.2,54.58 2 1
github.com/StreetsDigital/thenexusengine/pbs/internal/endpoints/auction.go:54.58,58.3 3 1
github.com/StreetsDigital/thenexusengine/pbs/internal/endpoints/auction.go:61.2,61.56 1 1
github.com/StreetsDigital/thenexusengine/pbs/internal/endpoints/auction.go:61.56,64.3 2 1
github.com/StreetsDigital/thenexusengine/pbs/internal/endpoints/auction.go:68.2,70.20 3 1
github.com/StreetsDigital/thenexusengine/pbs/internal/endpoints/auction.go:70.20,71.24 1 1
github.com/StreetsDigital/thenexusengine/pbs/internal/endpoints/auction.go:71.24,73.20 1 1
github.com/StreetsDigital/thenexusengine/pbs/internal/endpoints/auction.go:73.20,75.5 1 1
github.com/StreetsDigital/thenexusengine/pbs/internal/endpoints/auction.go:75.10,77.5 1 1
github.com/StreetsDigital/thenexusengine/pbs/internal/endpoints/auction.go:78.9,80.4 1 0
github.com/StreetsDigital/thenexusengine/pbs/internal/endpoints/auction.go:83.2,91.16 4 1
github.com/StreetsDigital/thenexusengine/pbs/internal/endpoints/auction.go:91.16,98.3 3 0
github.com/StreetsDigital/thenexusengine/pbs/internal/endpoints/auction.go:101.2,102.49 2 1
github.com/StreetsDigital/thenexusengine/pbs/internal/endpoints/auction.go:102.49,105.53 2 1
github.com/StreetsDigital/thenexusengine/pbs/internal/endpoints/auction.go:105.53,107.4 1 1
github.com/StreetsDigital/thenexusengine/pbs/internal/endpoints/auction.go:111.2,113.60 3 1
github.com/StreetsDigital/thenexusengine/pbs/internal/endpoints/auction.go:113.60,115.3 1 0
github.com/StreetsDigital/thenexusengine/pbs/internal/endpoints/auction.go:119.56,120.18 1 1
github.com/StreetsDigital/thenexusengine/pbs/internal/endpoints/auction.go:120.18,122.3 1 1
github.com/StreetsDigital/thenexusengine/pbs/internal/endpoints/auction.go:123.2,123.23 1 1
github.com/StreetsDigital/thenexusengine/pbs/internal/endpoints/auction.go:123.23,125.3 1 1
github.com/StreetsDigital/thenexusengine/pbs/internal/endpoints/auction.go:126.2,126.30 1 1
github.com/StreetsDigital/thenexusengine/pbs/internal/endpoints/auction.go:126.30,127.19 1 1
github.com/StreetsDigital/thenexusengine/pbs/internal/endpoints/auction.go:127.19,129.4 1 1
github.com/StreetsDigital/thenexusengine/pbs/internal/endpoints/auction.go:130.3,130.85 1 1
github.com/StreetsDigital/thenexusengine/pbs/internal/endpoints/auction.go:130.85,132.4 1 1
github.com/StreetsDigital/thenexusengine/pbs/internal/endpoints/auction.go:134.2,134.12 1 1
github.com/StreetsDigital/thenexusengine/pbs/internal/endpoints/auction.go:144.42,145.18 1 1
github.com/StreetsDigital/thenexusengine/pbs/internal/endpoints/auction.go:145.18,147.3 1 1
github.com/StreetsDigital/thenexusengine/pbs/internal/endpoints/auction.go:148.2,148.35 1 1
github.com/StreetsDigital/thenexusengine/pbs/internal/endpoints/auction.go:152.81,158.29 2 1
github.com/StreetsDigital/thenexusengine/pbs/internal/endpoints/auction.go:158.29,159.65 1 1
github.com/StreetsDigital/thenexusengine/pbs/internal/endpoints/auction.go:159.65,161.4 1 1
github.com/StreetsDigital/thenexusengine/pbs/internal/endpoints/auction.go:163.3,163.53 1 1
github.com/StreetsDigital/thenexusengine/pbs/internal/endpoints/auction.go:163.53,165.27 2 1
github.com/StreetsDigital/thenexusengine/pbs/internal/endpoints/auction.go:165.27,167.5 1 1
github.com/StreetsDigital/thenexusengine/pbs/internal/endpoints/auction.go:168.4,168.33 1 1
github.com/StreetsDigital/thenexusengine/pbs/internal/endpoints/auction.go:171.3,171.71 1 1
github.com/StreetsDigital/thenexusengine/pbs/internal/endpoints/auction.go:174.2,174.12 1 1
github.com/StreetsDigital/thenexusengine/pbs/internal/endpoints/auction.go:178.68,181.87 3 1
github.com/StreetsDigital/thenexusengine/pbs/internal/endpoints/auction.go:181.87,183.3 1 0
github.com/StreetsDigital/thenexusengine/pbs/internal/endpoints/auction.go:188.38,190.37 1 1
github.com/StreetsDigital/thenexusengine/pbs/internal/endpoints/auction.go:190.37,192.3 1 1
github.com/StreetsDigital/thenexusengine/pbs/internal/endpoints/auction.go:194.2,195.69 2 1
github.com/StreetsDigital/thenexusengine/pbs/internal/endpoints/auction.go:195.69,197.3 1 1
github.com/StreetsDigital/thenexusengine/pbs/internal/endpoints/auction.go:198.2,198.14 1 1
github.com/StreetsDigital/thenexusengine/pbs/internal/endpoints/auction.go:205.40,207.2 1 1
github.com/StreetsDigital/thenexusengine/pbs/internal/endpoints/auction.go:210.75,215.17 2 1
github.com/StreetsDigital/thenexusengine/pbs/internal/endpoints/auction.go:215.17,217.3 1 0
github.com/StreetsDigital/thenexusengine/pbs/internal/endpoints/auction.go:238.66,240.2 1 1
github.com/StreetsDigital/thenexusengine/pbs/internal/endpoints/auction.go:243.121,248.2 1 1
github.com/StreetsDigital/thenexusengine/pbs/internal/endpoints/auction.go:251.80,256.29 2 1
github.com/StreetsDigital/thenexusengine/pbs/internal/endpoints/auction.go:256.29,257.57 1 1
github.com/StreetsDigital/thenexusengine/pbs/internal/endpoints/auction.go:257.57,259.4 1 1
github.com/StreetsDigital/thenexusengine/pbs/internal/endpoints/auction.go:263.2,263.30 1 1
github.com/StreetsDigital/thenexusengine/pbs/internal/endpoints/auction.go:263.30,264.62 1 1
github.com/StreetsDigital/thenexusengine/pbs/internal/endpoints/auction.go:264.62,266.4 1 1
github.com/StreetsDigital/thenexusengine/pbs/internal/endpoints/auction.go:270.2,271.32 2 1
github.com/StreetsDigital/thenexusengine/pbs/internal/endpoints/auction.go:271.32,273.3 1 1
github.com/StreetsDigital/thenexusengine/pbs/internal/endpoints/auction.go:275.2,276.59 2 1
github.com/StreetsDigital/thenexusengine/pbs/internal/endpoints/auction.go:276.59,278.3 1 0
github.com/StreetsDigital/thenexusengine/pbs/internal/endpoints/cookie_sync.go:71.64,77.2 1 1
github.com/StreetsDigital/thenexusengine/pbs/internal/endpoints/cookie_sync.go:80.72,83.51 2 1
github.com/StreetsDigital/thenexusengine/pbs/internal/endpoints/cookie_sync.go:83.51,85.3 1 1
github.com/StreetsDigital/thenexusengine/pbs/internal/endpoints/cookie_sync.go:87.2,91.3 1 1
github.com/StreetsDigital/thenexusengine/pbs/internal/endpoints/cookie_sync.go:95.79,97.33 1 1
github.com/StreetsDigital/thenexusengine/pbs/internal/endpoints/cookie_sync.go:97.33,100.3 2 1
github.com/StreetsDigital/thenexusengine/pbs/internal/endpoints/cookie_sync.go:103.2,104.61 2 1
github.com/StreetsDigital/thenexusengine/pbs/internal/endpoints/cookie_sync.go:104.61,107.3 1 1
github.com/StreetsDigital/thenexusengine/pbs/internal/endpoints/cookie_sync.go:110.2,110.46 1 1
github.com/StreetsDigital/thenexusengine/pbs/internal/endpoints/cookie_sync.go:110.46,112.3 1 1
github.com/StreetsDigital/thenexusengine/pbs/internal/endpoints/cookie_sync.go:115.2,118.23 2 1
github.com/StreetsDigital/thenexusengine/pbs/internal/endpoints/cookie_sync.go:118.23,121.3 2 1
github.com/StreetsDigital/thenexusengine/pbs/internal/endpoints/cookie_sync.go:124.2,134.19 4 1
github.com/StreetsDigital/thenexusengine/pbs/internal/endpoints/cookie_sync.go:134.19,136.3 1 1
github.com/StreetsDigital/thenexusengine/pbs/internal/endpoints/cookie_sync.go:138.2,139.43 2 1
github.com/StreetsDigital/thenexusengine/pbs/internal/endpoints/cookie_sync.go:139.43,140.29 1 1
github.com/StreetsDigital/thenexusengine/pbs/internal/endpoints/cookie_sync.go:140.29,141.9 1 1
github.com/StreetsDigital/thenexusengine/pbs/internal/endpoints/cookie_sync.go:144.3,145.10 2 1
github.com/StreetsDigital/thenexusengine/pbs/internal/endpoints/cookie_sync.go:145.10,150.12 2 1
github.com/StreetsDigital/thenexusengine/pbs/internal/endpoints/cookie_sync.go:153.3,153.26 1 1
github.com/StreetsDigital/thenexusengine/pbs/internal/endpoints/cookie_sync.go:153.26,154.12 1 0
github.com/StreetsDigital/thenexusengine/pbs/internal/endpoints/cookie_sync.go:158.3,158.32 1 1
github.com/StreetsDigital/thenexusengine/pbs/internal/endpoints/cookie_sync.go:158.32,159.12 1 1
github.com/StreetsDigital/thenexusengine/pbs/internal/endpoints/cookie_sync.go:163.3,164.17 2 1
github.com/StreetsDigital/thenexusengine/pbs/internal/endpoints/cookie_sync.go:164.17,170.12 3 0
github.com/StreetsDigital/thenexusengine/pbs/internal/endpoints/cookie_sync.go:173.3,178.14 2 1
github.com/StreetsDigital/thenexusengine/pbs/internal/endpoints/cookie_sync.go:182.2,182.78 1 1
github.com/StreetsDigital/thenexusengine/pbs/internal/endpoints/cookie_sync.go:182.78,184.3 1 1
github.com/StreetsDigital/thenexusengine/pbs/internal/endpoints/cookie_sync.go:186.2,186.28 1 1
github.com/StreetsDigital/thenexusengine/pbs/internal/endpoints/cookie_sync.go:190.103,193.26 2 1
github.com/StreetsDigital/thenexusengine/pbs/internal/endpoints/cookie_sync.go:193.26,196.3 1 1
github.com/StreetsDigital/thenexusengine/pbs/internal/endpoints/cookie_sync.go:196.8,196.32 1 1
github.com/StreetsDigital/thenexusengine/pbs/internal/endpoints/cookie_sync.go:196.32,198.31 1 1
github.com/StreetsDigital/thenexusengine/pbs/internal/endpoints/cookie_sync.go:198.31,200.4 1 1
github.com/StreetsDigital/thenexusengine/pbs/internal/endpoints/cookie_sync.go:201.8,204.3 1 1
github.com/StreetsDigital/thenexusengine/pbs/internal/endpoints/cookie_sync.go:206.2,206.16 1 1
github.com/StreetsDigital/thenexusengine/pbs/internal/endpoints/cookie_sync.go:210.69,212.48 2 1
github.com/StreetsDigital/thenexusengine/pbs/internal/endpoints/cookie_sync.go:212.48,214.3 1 1
github.com/StreetsDigital/thenexusengine/pbs/internal/endpoints/cookie_sync.go:215.2,215.13 1 1
github.com/StreetsDigital/thenexusengine/pbs/internal/endpoints/cookie_sync.go:219.82,221.56 2 1
github.com/StreetsDigital/thenexusengine/pbs/internal/endpoints/cookie_sync.go:221.56,223.3 1 0
github.com/StreetsDigital/thenexusengine/pbs/internal/endpoints/cookie_sync.go:227.69,229.2 1 1
github.com/StreetsDigital/thenexusengine/pbs/internal/endpoints/cookie_sync.go:232.52,234.30 2 1
github.com/StreetsDigital/thenexusengine/pbs/internal/endpoints/cookie_sync.go:234.30,236.3 1 1
github.com/StreetsDigital/thenexusengine/pbs/internal/endpoints/cookie_sync.go:237.2,237.16 1 1
github.com/StreetsDigital/thenexusengine/pbs/internal/endpoints/setuid.go:17.61,19.33 2 1
github.com/StreetsDigital/thenexusengine/pbs/internal/endpoints/setuid.go:19.33,21.3 1 1
github.com/StreetsDigital/thenexusengine/pbs/internal/endpoints/setuid.go:22.2,24.3 1 1
github.com/StreetsDigital/thenexusengine/pbs/internal/endpoints/setuid.go:33.75,40.18 4 1
github.com/StreetsDigital/thenexusengine/pbs/internal/endpoints/setuid.go:40.18,43.3 2 1
github.com/StreetsDigital/thenexusengine/pbs/internal/endpoints/setuid.go:45.2,46.34 2 1
github.com/StreetsDigital/thenexusengine/pbs/internal/endpoints/setuid.go:46.34,49.3 1 1
github.com/StreetsDigital/thenexusengine/pbs/internal/endpoints/setuid.go:52.2,55.23 2 1
github.com/StreetsDigital/thenexusengine/pbs/internal/endpoints/setuid.go:55.23,58.3 2 1
github.com/StreetsDigital/thenexusengine/pbs/internal/endpoints/setuid.go:61.2,61.46 1 1
github.com/StreetsDigital/thenexusengine/pbs/internal/endpoints/setuid.go:61.46,65.3 2 1
github.com/StreetsDigital/thenexusengine/pbs/internal/endpoints/setuid.go:65.8,73.3 2 1
github.com/StreetsDigital/thenexusengine/pbs/internal/endpoints/setuid.go:76.2,77.64 2 1
github.com/StreetsDigital/thenexusengine/pbs/internal/endpoints/setuid.go:77.64,79.3 1 1
github.com/StreetsDigital/thenexusengine/pbs/internal/endpoints/setuid.go:79.8,81.3 1 0
github.com/StreetsDigital/thenexusengine/pbs/internal/endpoints/setuid.go:84.2,84.23 1 1
github.com/StreetsDigital/thenexusengine/pbs/internal/endpoints/setuid.go:88.65,90.48 2 1
github.com/StreetsDigital/thenexusengine/pbs/internal/endpoints/setuid.go:90.48,92.3 1 1
github.com/StreetsDigital/thenexusengine/pbs/internal/endpoints/setuid.go:93.2,93.13 1 1
github.com/StreetsDigital/thenexusengine/pbs/internal/endpoints/setuid.go:97.65,114.2 7 1
github.com/StreetsDigital/thenexusengine/pbs/internal/endpoints/setuid.go:117.50,119.2 1 1
github.com/StreetsDigital/thenexusengine/pbs/internal/endpoints/setuid.go:125.40,127.2 1 1
github.com/StreetsDigital/thenexusengine/pbs/internal/endpoints/setuid.go:130.75,139.50 4 1
github.com/StreetsDigital/thenexusengine/pbs/internal/endpoints/setuid.go:139.50,141.3 1 0
github.com/StreetsDigital/thenexusengine/pbs/internal/endpoints/setuid.go:143.2,143.64 1 1
github.com/StreetsDigital/thenexusengine/pbs/internal/endpoints/setuid.go:143.64,145.3 1 1
github.com/StreetsDigital/thenexusengine/pbs/internal/endpoints/setuid.go:148.2,158.11 3 1
